<?xml version="1.0" encoding="UTF-8"?>
<!-- Generated by org.testng.reporters.JUnitReportReporter -->
<testsuite hostname="Anas-MacBook-Pro.local" failures="0" tests="1" name="tests.Expedia" time="36.437" errors="0" timestamp="2021-01-29T14:17:44 EST" skipped="0">
  <testcase classname="tests.Expedia" name="hotelReservation" time="36.437"/>
  <system-out/>
</testsuite> <!-- tests.Expedia -->
