<?xml version="1.0" encoding="UTF-8"?>
<!-- Generated by org.testng.reporters.JUnitReportReporter -->
<testsuite hostname="Anas-MacBook-Pro.local" failures="0" tests="1" name="smoketests.ContactFormPresentTestNG" time="6.151" errors="0" timestamp="2021-01-28T16:57:14 EST" skipped="0">
  <testcase classname="smoketests.ContactFormPresentTestNG" name="contactFormElementsPresent" time="6.151"/>
  <system-out/>
</testsuite> <!-- smoketests.ContactFormPresentTestNG -->
